<?xml version="1.0" encoding="UTF-8"?>

<databaseChangeLog
        xmlns="http://www.liquibase.org/xml/ns/dbchangelog"
        xmlns:xsi="http://www.w3.org/2001/XMLSchema-instance"
        xsi:schemaLocation="http://www.liquibase.org/xml/ns/dbchangelog http://www.liquibase.org/xml/ns/dbchangelog/dbchangelog-3.1.xsd">

    <changeSet id="1" author="YangChenming">
        <sql>
            <![CDATA[
CREATE TABLE EDMI_DOMAIN (
	name 			VARCHAR(255) PRIMARY KEY
);
	        ]]>
        </sql>
        <rollback>
            <sql>
                <![CDATA[
DROP TABLE IF EXISTS EDMI_DOMAIN CASCADE;
                ]]>
            </sql>
        </rollback>
    </changeSet>
</databaseChangeLog>