<?xml version="1.0" encoding="UTF-8"?>

<databaseChangeLog
        xmlns="http://www.liquibase.org/xml/ns/dbchangelog"
        xmlns:xsi="http://www.w3.org/2001/XMLSchema-instance"
        xsi:schemaLocation="http://www.liquibase.org/xml/ns/dbchangelog http://www.liquibase.org/xml/ns/dbchangelog/dbchangelog-3.1.xsd">

    <changeSet id="1" author="YangChenming">
        <sql>
            <![CDATA[
CREATE TABLE EDMI_PROVIDER (
	id 				INT AUTO_INCREMENT PRIMARY KEY,
	name 			VARCHAR(255) NOT NULL,
	external_id		VARCHAR(255),
	description 	VARCHAR(1000),
	CONSTRAINT edmi_provider_unique UNIQUE(name)
);	
	        ]]>
        </sql>
        <rollback>
            <sql>
                <![CDATA[
DROP TABLE IF EXISTS EDMI_PROVIDER CASCADE;
                ]]>
            </sql>
        </rollback>
    </changeSet>
</databaseChangeLog>